2025-12-06 19:42:21,387 - INFO - === STARTING AUTOMATED ANALYSIS ===
2025-12-06 19:42:21,387 - INFO - --- STEP 1: CACHE & TICKER MANAGEMENT ---
2025-12-06 19:42:21,387 - INFO - Connecting to Bankier.pl to fetch current company list...
2025-12-06 19:42:21,628 - INFO - Successfully scanned 407 companies.
2025-12-06 19:42:21,629 - INFO - MISSING TICKER for: 06MAGNA. Scraping...
2025-12-06 19:42:22,340 - INFO - Found ticker: 06N
2025-12-06 19:42:22,840 - INFO - MISSING TICKER for: 08OCTAVA. Scraping...
2025-12-06 19:42:23,629 - INFO - Found ticker: 08N
2025-12-06 19:42:24,130 - INFO - MISSING TICKER for: 11BIT. Scraping...
2025-12-06 19:42:24,744 - INFO - Found ticker: 11B
2025-12-06 19:42:25,244 - INFO - MISSING TICKER for: 3RGAMES. Scraping...
2025-12-06 19:42:25,888 - INFO - Found ticker: 3RG
2025-12-06 19:42:26,389 - INFO - MISSING TICKER for: 4MASS. Scraping...
2025-12-06 19:42:27,010 - INFO - Found ticker: 4MS
2025-12-06 19:42:27,511 - INFO - MISSING TICKER for: ABPL. Scraping...
2025-12-06 19:42:28,131 - INFO - Found ticker: ABE
2025-12-06 19:42:28,632 - INFO - MISSING TICKER for: ACAUTOGAZ. Scraping...
2025-12-06 19:42:29,270 - INFO - Found ticker: ACG
2025-12-06 19:42:29,771 - INFO - MISSING TICKER for: ACTION. Scraping...
2025-12-06 19:42:30,346 - INFO - Found ticker: ACT
2025-12-06 19:42:30,847 - INFO - MISSING TICKER for: ADIUVO. Scraping...
2025-12-06 19:42:31,490 - INFO - Found ticker: ADV
2025-12-06 19:42:31,990 - INFO - MISSING TICKER for: nan. Scraping...
2025-12-06 19:42:32,415 - WARNING - Could not find ticker for nan
2025-12-06 19:42:32,416 - INFO - MISSING TICKER for: AGORA. Scraping...
2025-12-06 19:42:33,004 - INFO - Found ticker: AGO
2025-12-06 19:42:33,505 - INFO - MISSING TICKER for: AGROTON. Scraping...
2025-12-06 19:42:34,123 - INFO - Found ticker: AGT
2025-12-06 19:42:34,623 - INFO - MISSING TICKER for: AIGAMES. Scraping...
2025-12-06 19:42:35,250 - INFO - Found ticker: ALG
2025-12-06 19:42:35,750 - INFO - MISSING TICKER for: AILLERON. Scraping...
2025-12-06 19:42:36,625 - INFO - Found ticker: ALL
2025-12-06 19:42:37,126 - INFO - MISSING TICKER for: AIRWAY. Scraping...
2025-12-06 19:42:37,803 - INFO - Found ticker: AWM
2025-12-06 19:42:38,304 - INFO - MISSING TICKER for: ALIOR. Scraping...
2025-12-06 19:42:38,952 - INFO - Found ticker: ALR
2025-12-06 19:42:39,453 - INFO - MISSING TICKER for: ALLEGRO. Scraping...
2025-12-06 19:42:40,540 - INFO - Found ticker: ALE
2025-12-06 19:42:41,042 - INFO - MISSING TICKER for: ALTA. Scraping...
2025-12-06 19:42:41,746 - INFO - Found ticker: AAT
2025-12-06 19:42:42,247 - INFO - MISSING TICKER for: ALTUS. Scraping...
2025-12-06 19:42:43,027 - INFO - Found ticker: ALI
2025-12-06 19:42:43,528 - INFO - MISSING TICKER for: AMBRA. Scraping...
2025-12-06 19:42:44,274 - INFO - Found ticker: AMB
2025-12-06 19:42:44,774 - INFO - MISSING TICKER for: AMICA. Scraping...
2025-12-06 19:42:45,447 - INFO - Found ticker: AMC
2025-12-06 19:42:45,948 - INFO - MISSING TICKER for: AMPLI. Scraping...
2025-12-06 19:42:46,547 - INFO - Found ticker: APL
2025-12-06 19:42:47,048 - INFO - MISSING TICKER for: AMREST. Scraping...
2025-12-06 19:42:47,718 - INFO - Found ticker: EAT
2025-12-06 19:42:48,219 - INFO - MISSING TICKER for: ANSWEAR. Scraping...
2025-12-06 19:42:48,853 - INFO - Found ticker: ANR
2025-12-06 19:42:49,355 - INFO - MISSING TICKER for: APATOR. Scraping...
2025-12-06 19:42:50,087 - INFO - Found ticker: APT
2025-12-06 19:42:50,588 - INFO - MISSING TICKER for: APLISENS. Scraping...
2025-12-06 19:42:51,233 - INFO - Found ticker: APN
2025-12-06 19:42:51,734 - INFO - MISSING TICKER for: APSENERGY. Scraping...
2025-12-06 19:42:52,417 - INFO - Found ticker: APE
2025-12-06 19:42:52,918 - INFO - MISSING TICKER for: ARCHICOM. Scraping...
2025-12-06 19:42:53,668 - INFO - Found ticker: ARH
2025-12-06 19:42:54,169 - INFO - MISSING TICKER for: ARCTIC. Scraping...
2025-12-06 19:42:54,745 - INFO - Found ticker: ATC
2025-12-06 19:42:55,246 - INFO - MISSING TICKER for: ARLEN. Scraping...
2025-12-06 19:42:55,909 - INFO - Found ticker: ARL
2025-12-06 19:42:56,410 - INFO - MISSING TICKER for: ARTIFEX. Scraping...
2025-12-06 19:42:57,115 - INFO - Found ticker: ART
2025-12-06 19:42:57,616 - INFO - MISSING TICKER for: ASBIS. Scraping...
2025-12-06 19:42:58,287 - INFO - Found ticker: ASB
2025-12-06 19:42:58,787 - INFO - MISSING TICKER for: ASMGROUP. Scraping...
2025-12-06 19:42:59,457 - INFO - Found ticker: ASM
2025-12-06 19:42:59,958 - INFO - MISSING TICKER for: ASSECOBS. Scraping...
2025-12-06 19:43:00,741 - INFO - Found ticker: ABS
2025-12-06 19:43:01,242 - INFO - MISSING TICKER for: ASSECOPOL. Scraping...
2025-12-06 19:43:02,133 - INFO - Found ticker: ACP
2025-12-06 19:43:02,634 - INFO - MISSING TICKER for: ASSECOSEE. Scraping...
2025-12-06 19:43:03,417 - INFO - Found ticker: ASE
2025-12-06 19:43:03,918 - INFO - MISSING TICKER for: ASTARTA. Scraping...
2025-12-06 19:43:04,580 - INFO - Found ticker: AST
2025-12-06 19:43:05,081 - INFO - MISSING TICKER for: ATAL. Scraping...
2025-12-06 19:43:06,079 - WARNING - Could not find ticker for ATAL
2025-12-06 19:43:06,079 - INFO - MISSING TICKER for: ATENDE. Scraping...
2025-12-06 19:43:06,730 - INFO - Found ticker: ATD
2025-12-06 19:43:07,231 - INFO - MISSING TICKER for: ATLANTAPL. Scraping...
2025-12-06 19:43:07,921 - INFO - Found ticker: ATP
2025-12-06 19:43:08,422 - INFO - MISSING TICKER for: ATLANTIS. Scraping...
2025-12-06 19:43:09,051 - INFO - Found ticker: ATS
2025-12-06 19:43:09,552 - INFO - MISSING TICKER for: ATMGRUPA. Scraping...
2025-12-06 19:43:10,162 - INFO - Found ticker: ATG
2025-12-06 19:43:10,663 - INFO - MISSING TICKER for: ATREM. Scraping...
2025-12-06 19:43:11,273 - INFO - Found ticker: ATR
2025-12-06 19:43:11,773 - INFO - MISSING TICKER for: AUTOPARTN. Scraping...
2025-12-06 19:43:12,322 - INFO - Found ticker: APR
2025-12-06 19:43:12,823 - INFO - MISSING TICKER for: BBIDEV. Scraping...
2025-12-06 19:43:13,859 - INFO - Found ticker: BBD
2025-12-06 19:43:14,360 - INFO - MISSING TICKER for: BENEFIT. Scraping...
2025-12-06 19:43:32,302 - INFO - === STARTING AUTOMATED ANALYSIS ===
2025-12-06 19:43:32,302 - INFO - --- STEP 1: CACHE & TICKER MANAGEMENT ---
2025-12-06 19:43:32,303 - INFO - CACHE HIT: Loaded 403 tickers from tickers_cache.json
2025-12-06 19:43:32,303 - INFO - Connecting to Bankier.pl to fetch current company list...
2025-12-06 19:43:32,475 - INFO - Successfully scanned 407 companies.
2025-12-06 19:43:32,475 - INFO - MISSING TICKER for: 06MAGNA. Scraping...
2025-12-06 19:46:48,090 - INFO - === START ANALIZY ===
2025-12-06 19:46:48,090 - INFO - --- KROK 1: POBIERANIE LISTY SPÓŁEK I STATUSÓW ---
2025-12-06 19:46:48,090 - INFO - Wczytano 402 tickerów z pliku tickers_cache.json
2025-12-06 19:46:48,466 - INFO - Przetwarzanie 407 wierszy w poszukiwaniu danych...
2025-12-06 19:46:52,639 - INFO - Postęp scrapowania tickerów: 100/407
2025-12-06 19:46:58,688 - INFO - Postęp scrapowania tickerów: 200/407
2025-12-06 19:47:04,722 - INFO - Postęp scrapowania tickerów: 300/407
2025-12-06 19:47:08,973 - INFO - Postęp scrapowania tickerów: 400/407
2025-12-06 19:47:13,121 - INFO - Zapisano 404 tickerów do tickers_cache.json
2025-12-06 19:47:13,121 - INFO - --- KROK 2: POBIERANIE DANYCH FINANSOWYCH ---
2025-12-06 19:47:16,329 - INFO - Pobrano finanse: 50/406
2025-12-06 19:47:18,589 - INFO - Pobrano finanse: 100/406
2025-12-06 19:47:20,785 - INFO - Pobrano finanse: 150/406
2025-12-06 19:47:23,016 - INFO - Pobrano finanse: 200/406
2025-12-06 19:47:25,243 - INFO - Pobrano finanse: 250/406
2025-12-06 19:47:26,210 - ERROR - HTTP Error 404: {"quoteSummary":{"result":null,"error":{"code":"Not Found","description":"Quote not found for symbol: OVO.WA"}}}
2025-12-06 19:47:27,628 - INFO - Pobrano finanse: 300/406
2025-12-06 19:47:29,567 - ERROR - HTTP Error 404: {"quoteSummary":{"result":null,"error":{"code":"Not Found","description":"Quote not found for symbol: RFK.WA"}}}
2025-12-06 19:47:30,167 - INFO - Pobrano finanse: 350/406
2025-12-06 19:47:31,906 - ERROR - HTTP Error 404: {"quoteSummary":{"result":null,"error":{"code":"Not Found","description":"Quote not found for symbol: WIS.WA"}}}
2025-12-06 19:47:32,438 - INFO - Pobrano finanse: 400/406
2025-12-06 19:47:32,762 - INFO - --- KROK 3: GENEROWANIE RAPORTU ---
2025-12-06 19:47:32,810 - INFO - Gotowe. Raport: reports_real/real_report_2025-12-06.json
2025-12-06 19:47:32,810 - INFO - Czas: 44.72s
2025-12-06 19:50:44,789 - INFO - === START ===
2025-12-06 19:50:44,790 - INFO - --- KROK 1: AKTUALIZACJA LISTY TICKERÓW ---
2025-12-06 19:50:44,790 - INFO - Wczytano 403 tickerów z cache.
2025-12-06 19:50:45,072 - INFO - Skanowanie 407 spółek w poszukiwaniu nowych tickerów...
2025-12-06 19:50:49,427 - INFO - Postęp: 100/407
2025-12-06 19:50:53,782 - INFO - Postęp: 200/407
2025-12-06 19:50:58,900 - INFO - Postęp: 300/407
2025-12-06 19:51:11,454 - INFO - Postęp: 400/407
2025-12-06 19:51:32,199 - INFO - Znaleziono 1 nowych spółek.
2025-12-06 19:51:32,201 - INFO - --- KROK 2: ANALIZA FINANSOWA ---
2025-12-06 19:51:35,198 - INFO - Pobrano dane: 50/404
2025-12-06 19:51:37,533 - INFO - Pobrano dane: 100/404
2025-12-06 19:51:39,756 - INFO - Pobrano dane: 150/404
2025-12-06 19:51:42,042 - INFO - Pobrano dane: 200/404
2025-12-06 19:51:44,340 - INFO - Pobrano dane: 250/404
2025-12-06 19:51:45,203 - ERROR - HTTP Error 404: {"quoteSummary":{"result":null,"error":{"code":"Not Found","description":"Quote not found for symbol: OVO.WA"}}}
2025-12-06 19:51:46,732 - INFO - Pobrano dane: 300/404
2025-12-06 19:51:47,295 - ERROR - HTTP Error 404: {"quoteSummary":{"result":null,"error":{"code":"Not Found","description":"Quote not found for symbol: RFK.WA"}}}
2025-12-06 19:51:49,173 - INFO - Pobrano dane: 350/404
2025-12-06 19:51:50,770 - ERROR - HTTP Error 404: {"quoteSummary":{"result":null,"error":{"code":"Not Found","description":"Quote not found for symbol: WIS.WA"}}}
2025-12-06 19:51:51,472 - INFO - Pobrano dane: 400/404
2025-12-06 19:51:51,696 - INFO - --- KROK 3: SCORING I RAPORT ---
2025-12-06 19:51:51,706 - INFO - Zapisano raport: reports_financial/financial_report_2025-12-06.json
2025-12-06 19:51:51,706 - INFO - Czas wykonania: 66.92s
